[0.098s] Invoking command in '/home/alex/ros2_ws/src/build/uuv_gazebo': /usr/bin/cmake /home/alex/ros2_ws/src/Plankton/uuv_gazebo -DCMAKE_INSTALL_PREFIX=/home/alex/ros2_ws/src/install/uuv_gazebo
[0.190s] -- The C compiler identification is GNU 9.4.0
[0.277s] -- The CXX compiler identification is GNU 9.4.0
[0.286s] -- Check for working C compiler: /usr/bin/cc
[0.373s] -- Check for working C compiler: /usr/bin/cc -- works
[0.374s] -- Detecting C compiler ABI info
[0.453s] -- Detecting C compiler ABI info - done
[0.466s] -- Detecting C compile features
[0.467s] -- Detecting C compile features - done
[0.473s] -- Check for working CXX compiler: /usr/bin/c++
[0.570s] -- Check for working CXX compiler: /usr/bin/c++ -- works
[0.572s] -- Detecting CXX compiler ABI info
[0.665s] -- Detecting CXX compiler ABI info - done
[0.677s] -- Detecting CXX compile features
[0.677s] -- Detecting CXX compile features - done
[0.688s] CMake Error at CMakeLists.txt:4 (find_package):
[0.688s]   By not providing "Findament_cmake.cmake" in CMAKE_MODULE_PATH this project
[0.689s]   has asked CMake to find a package configuration file provided by
[0.689s]   "ament_cmake", but CMake did not find one.
[0.689s] 
[0.689s]   Could not find a package configuration file provided by "ament_cmake" with
[0.689s]   any of the following names:
[0.690s] 
[0.690s]     ament_cmakeConfig.cmake
[0.691s]     ament_cmake-config.cmake
[0.691s] 
[0.691s]   Add the installation prefix of "ament_cmake" to CMAKE_PREFIX_PATH or set
[0.691s]   "ament_cmake_DIR" to a directory containing one of the above files.  If
[0.692s]   "ament_cmake" provides a separate development package or SDK, be sure it
[0.692s]   has been installed.
[0.696s] 
[0.697s] 
[0.700s] -- Configuring incomplete, errors occurred!
[0.700s] See also "/home/alex/ros2_ws/src/build/uuv_gazebo/CMakeFiles/CMakeOutput.log".
[0.730s] Invoked command in '/home/alex/ros2_ws/src/build/uuv_gazebo' returned '1': /usr/bin/cmake /home/alex/ros2_ws/src/Plankton/uuv_gazebo -DCMAKE_INSTALL_PREFIX=/home/alex/ros2_ws/src/install/uuv_gazebo
