[0.054s] Invoking command in '/home/alex/ros2_ws/src/build/uuv_gazebo_plugins': /usr/bin/cmake /home/alex/ros2_ws/src/Plankton/uuv_gazebo_plugins/uuv_gazebo_plugins -DCMAKE_INSTALL_PREFIX=/home/alex/ros2_ws/src/install/uuv_gazebo_plugins
[0.208s] -- The C compiler identification is GNU 9.4.0
[0.304s] -- The CXX compiler identification is GNU 9.4.0
[0.311s] -- Check for working C compiler: /usr/bin/cc
[0.396s] -- Check for working C compiler: /usr/bin/cc -- works
[0.397s] -- Detecting C compiler ABI info
[0.476s] -- Detecting C compiler ABI info - done
[0.489s] -- Detecting C compile features
[0.490s] -- Detecting C compile features - done
[0.496s] -- Check for working CXX compiler: /usr/bin/c++
[0.590s] -- Check for working CXX compiler: /usr/bin/c++ -- works
[0.592s] -- Detecting CXX compiler ABI info
[0.692s] -- Detecting CXX compiler ABI info - done
[0.704s] -- Detecting CXX compile features
[0.704s] -- Detecting CXX compile features - done
[0.737s] CMake Error at CMakeLists.txt:3 (find_package):
[0.738s]   By not providing "Findament_cmake.cmake" in CMAKE_MODULE_PATH this project
[0.738s]   has asked CMake to find a package configuration file provided by
[0.738s]   "ament_cmake", but CMake did not find one.
[0.738s] 
[0.738s]   Could not find a package configuration file provided by "ament_cmake" with
[0.739s]   any of the following names:
[0.739s] 
[0.739s]     ament_cmakeConfig.cmake
[0.739s]     ament_cmake-config.cmake
[0.739s] 
[0.740s]   Add the installation prefix of "ament_cmake" to CMAKE_PREFIX_PATH or set
[0.742s]   "ament_cmake_DIR" to a directory containing one of the above files.  If
[0.743s]   "ament_cmake" provides a separate development package or SDK, be sure it
[0.744s]   has been installed.
[0.745s] 
[0.745s] 
[0.745s] -- Configuring incomplete, errors occurred!
[0.745s] See also "/home/alex/ros2_ws/src/build/uuv_gazebo_plugins/CMakeFiles/CMakeOutput.log".
[0.775s] Invoked command in '/home/alex/ros2_ws/src/build/uuv_gazebo_plugins' returned '1': /usr/bin/cmake /home/alex/ros2_ws/src/Plankton/uuv_gazebo_plugins/uuv_gazebo_plugins -DCMAKE_INSTALL_PREFIX=/home/alex/ros2_ws/src/install/uuv_gazebo_plugins
