[0.053s] Invoking command in '/home/alex/ros2_ws/src/build/uuv_gazebo_ros_plugins_msgs': /usr/bin/cmake /home/alex/ros2_ws/src/Plankton/uuv_gazebo_plugins/uuv_gazebo_ros_plugins_msgs -DCMAKE_INSTALL_PREFIX=/home/alex/ros2_ws/src/install/uuv_gazebo_ros_plugins_msgs
[0.210s] -- The C compiler identification is GNU 9.4.0
[0.308s] -- The CXX compiler identification is GNU 9.4.0
[0.315s] -- Check for working C compiler: /usr/bin/cc
[0.400s] -- Check for working C compiler: /usr/bin/cc -- works
[0.402s] -- Detecting C compiler ABI info
[0.488s] -- Detecting C compiler ABI info - done
[0.499s] -- Detecting C compile features
[0.500s] -- Detecting C compile features - done
[0.502s] -- Check for working CXX compiler: /usr/bin/c++
[0.601s] -- Check for working CXX compiler: /usr/bin/c++ -- works
[0.602s] -- Detecting CXX compiler ABI info
[0.695s] -- Detecting CXX compiler ABI info - done
[0.708s] -- Detecting CXX compile features
[0.709s] -- Detecting CXX compile features - done
[0.735s] CMake Error at CMakeLists.txt:4 (find_package):
[0.736s]   By not providing "Findrosidl_default_generators.cmake" in CMAKE_MODULE_PATH
[0.736s]   this project has asked CMake to find a package configuration file provided
[0.737s]   by "rosidl_default_generators", but CMake did not find one.
[0.737s] 
[0.737s]   Could not find a package configuration file provided by
[0.737s]   "rosidl_default_generators" with any of the following names:
[0.737s] 
[0.738s]     rosidl_default_generatorsConfig.cmake
[0.738s]     rosidl_default_generators-config.cmake
[0.738s] 
[0.739s]   Add the installation prefix of "rosidl_default_generators" to
[0.739s]   CMAKE_PREFIX_PATH or set "rosidl_default_generators_DIR" to a directory
[0.740s]   containing one of the above files.  If "rosidl_default_generators" provides
[0.740s]   a separate development package or SDK, be sure it has been installed.
[0.741s] 
[0.741s] 
[0.741s] -- Configuring incomplete, errors occurred!
[0.742s] See also "/home/alex/ros2_ws/src/build/uuv_gazebo_ros_plugins_msgs/CMakeFiles/CMakeOutput.log".
[0.780s] Invoked command in '/home/alex/ros2_ws/src/build/uuv_gazebo_ros_plugins_msgs' returned '1': /usr/bin/cmake /home/alex/ros2_ws/src/Plankton/uuv_gazebo_plugins/uuv_gazebo_ros_plugins_msgs -DCMAKE_INSTALL_PREFIX=/home/alex/ros2_ws/src/install/uuv_gazebo_ros_plugins_msgs
