[0.121s] Invoking command in '/home/alex/ros2_ws/src/build/uuv_world_plugins': /usr/bin/cmake /home/alex/ros2_ws/src/Plankton/uuv_world_plugins/uuv_world_plugins -DCMAKE_INSTALL_PREFIX=/home/alex/ros2_ws/src/install/uuv_world_plugins
[0.192s] -- Configuring incomplete, errors occurred!
[0.193s] See also "/home/alex/ros2_ws/src/build/uuv_world_plugins/CMakeFiles/CMakeOutput.log".
[0.210s] CMake Error at CMakeLists.txt:13 (find_package):
[0.211s]   By not providing "Findgazebo_dev.cmake" in CMAKE_MODULE_PATH this project
[0.211s]   has asked CMake to find a package configuration file provided by
[0.212s]   "gazebo_dev", but CMake did not find one.
[0.212s] 
[0.212s]   Could not find a package configuration file provided by "gazebo_dev" with
[0.212s]   any of the following names:
[0.213s] 
[0.213s]     gazebo_devConfig.cmake
[0.213s]     gazebo_dev-config.cmake
[0.213s] 
[0.214s]   Add the installation prefix of "gazebo_dev" to CMAKE_PREFIX_PATH or set
[0.214s]   "gazebo_dev_DIR" to a directory containing one of the above files.  If
[0.214s]   "gazebo_dev" provides a separate development package or SDK, be sure it has
[0.214s]   been installed.
[0.214s] 
[0.214s] 
[0.233s] Invoked command in '/home/alex/ros2_ws/src/build/uuv_world_plugins' returned '1': /usr/bin/cmake /home/alex/ros2_ws/src/Plankton/uuv_world_plugins/uuv_world_plugins -DCMAKE_INSTALL_PREFIX=/home/alex/ros2_ws/src/install/uuv_world_plugins
