[0.061s] Invoking command in '/home/alex/ros2_ws/src/build/uuv_sensor_ros_plugins_msgs': /usr/bin/cmake /home/alex/ros2_ws/src/Plankton/uuv_sensor_plugins/uuv_sensor_ros_plugins_msgs -DCMAKE_INSTALL_PREFIX=/home/alex/ros2_ws/src/install/uuv_sensor_ros_plugins_msgs
[0.195s] -- Configuring incomplete, errors occurred!
[0.197s] See also "/home/alex/ros2_ws/src/build/uuv_sensor_ros_plugins_msgs/CMakeFiles/CMakeOutput.log".
[0.207s] CMake Error at CMakeLists.txt:4 (find_package):
[0.207s]   By not providing "Findament_cmake.cmake" in CMAKE_MODULE_PATH this project
[0.207s]   has asked CMake to find a package configuration file provided by
[0.207s]   "ament_cmake", but CMake did not find one.
[0.208s] 
[0.208s]   Could not find a package configuration file provided by "ament_cmake" with
[0.208s]   any of the following names:
[0.208s] 
[0.209s]     ament_cmakeConfig.cmake
[0.209s]     ament_cmake-config.cmake
[0.209s] 
[0.210s]   Add the installation prefix of "ament_cmake" to CMAKE_PREFIX_PATH or set
[0.210s]   "ament_cmake_DIR" to a directory containing one of the above files.  If
[0.210s]   "ament_cmake" provides a separate development package or SDK, be sure it
[0.210s]   has been installed.
[0.210s] 
[0.211s] 
[0.243s] Invoked command in '/home/alex/ros2_ws/src/build/uuv_sensor_ros_plugins_msgs' returned '1': /usr/bin/cmake /home/alex/ros2_ws/src/Plankton/uuv_sensor_plugins/uuv_sensor_ros_plugins_msgs -DCMAKE_INSTALL_PREFIX=/home/alex/ros2_ws/src/install/uuv_sensor_ros_plugins_msgs
