[0.056s] Invoking command in '/home/alex/ros2_ws/src/build/uuv_sensor_ros_plugins_msgs': /usr/bin/cmake /home/alex/ros2_ws/src/Plankton/uuv_sensor_plugins/uuv_sensor_ros_plugins_msgs -DCMAKE_INSTALL_PREFIX=/home/alex/ros2_ws/src/install/uuv_sensor_ros_plugins_msgs
[0.193s] -- The C compiler identification is GNU 9.4.0
[0.286s] -- The CXX compiler identification is GNU 9.4.0
[0.300s] -- Check for working C compiler: /usr/bin/cc
[0.378s] -- Check for working C compiler: /usr/bin/cc -- works
[0.381s] -- Detecting C compiler ABI info
[0.472s] -- Detecting C compiler ABI info - done
[0.487s] -- Detecting C compile features
[0.488s] -- Detecting C compile features - done
[0.490s] -- Check for working CXX compiler: /usr/bin/c++
[0.596s] -- Check for working CXX compiler: /usr/bin/c++ -- works
[0.597s] -- Detecting CXX compiler ABI info
[0.698s] -- Detecting CXX compiler ABI info - done
[0.744s] -- Detecting CXX compile features
[0.744s] -- Detecting CXX compile features - done
[0.754s] -- Configuring incomplete, errors occurred!
[0.754s] See also "/home/alex/ros2_ws/src/build/uuv_sensor_ros_plugins_msgs/CMakeFiles/CMakeOutput.log".
[0.754s] CMake Error at CMakeLists.txt:4 (find_package):
[0.755s]   By not providing "Findament_cmake.cmake" in CMAKE_MODULE_PATH this project
[0.755s]   has asked CMake to find a package configuration file provided by
[0.755s]   "ament_cmake", but CMake did not find one.
[0.755s] 
[0.755s]   Could not find a package configuration file provided by "ament_cmake" with
[0.755s]   any of the following names:
[0.756s] 
[0.756s]     ament_cmakeConfig.cmake
[0.756s]     ament_cmake-config.cmake
[0.756s] 
[0.756s]   Add the installation prefix of "ament_cmake" to CMAKE_PREFIX_PATH or set
[0.757s]   "ament_cmake_DIR" to a directory containing one of the above files.  If
[0.757s]   "ament_cmake" provides a separate development package or SDK, be sure it
[0.757s]   has been installed.
[0.757s] 
[0.757s] 
[0.782s] Invoked command in '/home/alex/ros2_ws/src/build/uuv_sensor_ros_plugins_msgs' returned '1': /usr/bin/cmake /home/alex/ros2_ws/src/Plankton/uuv_sensor_plugins/uuv_sensor_ros_plugins_msgs -DCMAKE_INSTALL_PREFIX=/home/alex/ros2_ws/src/install/uuv_sensor_ros_plugins_msgs
