[0.151s] Invoking command in '/home/alex/ros2_ws/src/build/uuv_gazebo_worlds': /usr/bin/cmake /home/alex/ros2_ws/src/Plankton/uuv_gazebo_worlds -DCMAKE_INSTALL_PREFIX=/home/alex/ros2_ws/src/install/uuv_gazebo_worlds
[0.209s] -- Configuring incomplete, errors occurred!
[0.209s] See also "/home/alex/ros2_ws/src/build/uuv_gazebo_worlds/CMakeFiles/CMakeOutput.log".
[0.223s] CMake Error at CMakeLists.txt:4 (find_package):
[0.225s]   By not providing "Findgazebo_ros.cmake" in CMAKE_MODULE_PATH this project
[0.226s]   has asked CMake to find a package configuration file provided by
[0.226s]   "gazebo_ros", but CMake did not find one.
[0.227s] 
[0.227s]   Could not find a package configuration file provided by "gazebo_ros" with
[0.227s]   any of the following names:
[0.228s] 
[0.228s]     gazebo_rosConfig.cmake
[0.228s]     gazebo_ros-config.cmake
[0.228s] 
[0.229s]   Add the installation prefix of "gazebo_ros" to CMAKE_PREFIX_PATH or set
[0.229s]   "gazebo_ros_DIR" to a directory containing one of the above files.  If
[0.229s]   "gazebo_ros" provides a separate development package or SDK, be sure it has
[0.229s]   been installed.
[0.229s] 
[0.229s] 
[0.237s] Invoked command in '/home/alex/ros2_ws/src/build/uuv_gazebo_worlds' returned '1': /usr/bin/cmake /home/alex/ros2_ws/src/Plankton/uuv_gazebo_worlds -DCMAKE_INSTALL_PREFIX=/home/alex/ros2_ws/src/install/uuv_gazebo_worlds
