[0.145s] DEBUG:colcon:Command line arguments: ['/usr/bin/colcon', 'build', '--packages-up-to', 'rexrov2']
[0.145s] DEBUG:colcon:Parsed command line arguments: Namespace(allow_overriding=[], ament_cmake_args=None, base_paths=['.'], build_base='build', catkin_cmake_args=None, catkin_skip_building_tests=False, cmake_args=None, cmake_clean_cache=False, cmake_clean_first=False, cmake_force_configure=False, cmake_target=None, cmake_target_skip_unavailable=False, continue_on_error=False, event_handlers=None, executor='parallel', ignore_user_meta=False, install_base='install', log_base=None, log_level=None, main=<bound method BuildVerb.main of <colcon_core.verb.build.BuildVerb object at 0x7f59c57a9dc0>>, merge_install=False, metas=['./colcon.meta'], mixin=None, mixin_files=None, mixin_verb=('build',), packages_above=None, packages_above_and_dependencies=None, packages_above_depth=None, packages_end=None, packages_ignore=None, packages_ignore_regex=None, packages_select=None, packages_select_build_failed=False, packages_select_by_dep=None, packages_select_regex=None, packages_select_test_failures=False, packages_skip=None, packages_skip_build_finished=False, packages_skip_by_dep=None, packages_skip_regex=None, packages_skip_test_passed=False, packages_skip_up_to=None, packages_start=None, packages_up_to=['rexrov2'], packages_up_to_regex=None, parallel_workers=16, paths=None, symlink_install=False, test_result_base=None, verb_extension=<colcon_core.verb.build.BuildVerb object at 0x7f59c57a9dc0>, verb_name='build', verb_parser=<colcon_mixin.mixin.mixin_argument.MixinArgumentDecorator object at 0x7f59c57383a0>)
[0.254s] Level 1:colcon.colcon_core.package_discovery:discover_packages(colcon_meta) check parameters
[0.254s] Level 1:colcon.colcon_core.package_discovery:discover_packages(recursive) check parameters
[0.254s] Level 1:colcon.colcon_core.package_discovery:discover_packages(ignore) check parameters
[0.254s] Level 1:colcon.colcon_core.package_discovery:discover_packages(path) check parameters
[0.254s] Level 1:colcon.colcon_core.package_discovery:discover_packages(colcon_meta) discover
[0.254s] Level 1:colcon.colcon_core.package_discovery:discover_packages(recursive) discover
[0.254s] INFO:colcon.colcon_core.package_discovery:Crawling recursively for packages in '/home/alex/ros2_ws/src'
[0.254s] Level 1:colcon.colcon_core.package_identification:_identify(.) by extensions ['ignore', 'ignore_ament_install']
[0.254s] Level 1:colcon.colcon_core.package_identification:_identify(.) by extension 'ignore'
[0.254s] Level 1:colcon.colcon_core.package_identification:_identify(.) by extension 'ignore_ament_install'
[0.254s] Level 1:colcon.colcon_core.package_identification:_identify(.) by extensions ['colcon_pkg']
[0.254s] Level 1:colcon.colcon_core.package_identification:_identify(.) by extension 'colcon_pkg'
[0.254s] Level 1:colcon.colcon_core.package_identification:_identify(.) by extensions ['colcon_meta']
[0.254s] Level 1:colcon.colcon_core.package_identification:_identify(.) by extension 'colcon_meta'
[0.254s] Level 1:colcon.colcon_core.package_identification:_identify(.) by extensions ['ros']
[0.254s] Level 1:colcon.colcon_core.package_identification:_identify(.) by extension 'ros'
[0.263s] Level 1:colcon.colcon_core.package_identification:_identify(.) by extensions ['cmake', 'python']
[0.263s] Level 1:colcon.colcon_core.package_identification:_identify(.) by extension 'cmake'
[0.263s] Level 1:colcon.colcon_core.package_identification:_identify(.) by extension 'python'
[0.263s] Level 1:colcon.colcon_core.package_identification:_identify(.) by extensions ['python_setup_py']
[0.263s] Level 1:colcon.colcon_core.package_identification:_identify(.) by extension 'python_setup_py'
[0.263s] Level 1:colcon.colcon_core.package_identification:_identify(Plankton) by extensions ['ignore', 'ignore_ament_install']
[0.264s] Level 1:colcon.colcon_core.package_identification:_identify(Plankton) by extension 'ignore'
[0.264s] Level 1:colcon.colcon_core.package_identification:_identify(Plankton) by extension 'ignore_ament_install'
[0.264s] Level 1:colcon.colcon_core.package_identification:_identify(Plankton) by extensions ['colcon_pkg']
[0.264s] Level 1:colcon.colcon_core.package_identification:_identify(Plankton) by extension 'colcon_pkg'
[0.264s] Level 1:colcon.colcon_core.package_identification:_identify(Plankton) by extensions ['colcon_meta']
[0.264s] Level 1:colcon.colcon_core.package_identification:_identify(Plankton) by extension 'colcon_meta'
[0.264s] Level 1:colcon.colcon_core.package_identification:_identify(Plankton) by extensions ['ros']
[0.264s] Level 1:colcon.colcon_core.package_identification:_identify(Plankton) by extension 'ros'
[0.264s] Level 1:colcon.colcon_core.package_identification:_identify(Plankton) by extensions ['cmake', 'python']
[0.264s] Level 1:colcon.colcon_core.package_identification:_identify(Plankton) by extension 'cmake'
[0.264s] Level 1:colcon.colcon_core.package_identification:_identify(Plankton) by extension 'python'
[0.264s] Level 1:colcon.colcon_core.package_identification:_identify(Plankton) by extensions ['python_setup_py']
[0.264s] Level 1:colcon.colcon_core.package_identification:_identify(Plankton) by extension 'python_setup_py'
[0.264s] Level 1:colcon.colcon_core.package_identification:_identify(Plankton/plankton) by extensions ['ignore', 'ignore_ament_install']
[0.264s] Level 1:colcon.colcon_core.package_identification:_identify(Plankton/plankton) by extension 'ignore'
[0.264s] Level 1:colcon.colcon_core.package_identification:_identify(Plankton/plankton) by extension 'ignore_ament_install'
[0.264s] Level 1:colcon.colcon_core.package_identification:_identify(Plankton/plankton) by extensions ['colcon_pkg']
[0.264s] Level 1:colcon.colcon_core.package_identification:_identify(Plankton/plankton) by extension 'colcon_pkg'
[0.264s] Level 1:colcon.colcon_core.package_identification:_identify(Plankton/plankton) by extensions ['colcon_meta']
[0.264s] Level 1:colcon.colcon_core.package_identification:_identify(Plankton/plankton) by extension 'colcon_meta'
[0.264s] Level 1:colcon.colcon_core.package_identification:_identify(Plankton/plankton) by extensions ['ros']
[0.264s] Level 1:colcon.colcon_core.package_identification:_identify(Plankton/plankton) by extension 'ros'
[0.266s] DEBUG:colcon.colcon_core.package_identification:Package 'Plankton/plankton' with type 'ros.ament_cmake' and name 'plankton'
[0.267s] Level 1:colcon.colcon_core.package_identification:_identify(Plankton/plankton_utils) by extensions ['ignore', 'ignore_ament_install']
[0.267s] Level 1:colcon.colcon_core.package_identification:_identify(Plankton/plankton_utils) by extension 'ignore'
[0.267s] Level 1:colcon.colcon_core.package_identification:_identify(Plankton/plankton_utils) by extension 'ignore_ament_install'
[0.267s] Level 1:colcon.colcon_core.package_identification:_identify(Plankton/plankton_utils) by extensions ['colcon_pkg']
[0.267s] Level 1:colcon.colcon_core.package_identification:_identify(Plankton/plankton_utils) by extension 'colcon_pkg'
[0.267s] Level 1:colcon.colcon_core.package_identification:_identify(Plankton/plankton_utils) by extensions ['colcon_meta']
[0.267s] Level 1:colcon.colcon_core.package_identification:_identify(Plankton/plankton_utils) by extension 'colcon_meta'
[0.267s] Level 1:colcon.colcon_core.package_identification:_identify(Plankton/plankton_utils) by extensions ['ros']
[0.267s] Level 1:colcon.colcon_core.package_identification:_identify(Plankton/plankton_utils) by extension 'ros'
[0.267s] DEBUG:colcon.colcon_core.package_identification:Package 'Plankton/plankton_utils' with type 'ros.ament_cmake' and name 'plankton_utils'
[0.268s] Level 1:colcon.colcon_core.package_identification:_identify(Plankton/tools) by extensions ['ignore', 'ignore_ament_install']
[0.268s] Level 1:colcon.colcon_core.package_identification:_identify(Plankton/tools) by extension 'ignore'
[0.268s] Level 1:colcon.colcon_core.package_identification:_identify(Plankton/tools) by extension 'ignore_ament_install'
[0.268s] Level 1:colcon.colcon_core.package_identification:_identify(Plankton/tools) by extensions ['colcon_pkg']
[0.268s] Level 1:colcon.colcon_core.package_identification:_identify(Plankton/tools) by extension 'colcon_pkg'
[0.268s] Level 1:colcon.colcon_core.package_identification:_identify(Plankton/tools) by extensions ['colcon_meta']
[0.268s] Level 1:colcon.colcon_core.package_identification:_identify(Plankton/tools) by extension 'colcon_meta'
[0.268s] Level 1:colcon.colcon_core.package_identification:_identify(Plankton/tools) by extensions ['ros']
[0.268s] Level 1:colcon.colcon_core.package_identification:_identify(Plankton/tools) by extension 'ros'
[0.268s] Level 1:colcon.colcon_core.package_identification:_identify(Plankton/tools) by extensions ['cmake', 'python']
[0.268s] Level 1:colcon.colcon_core.package_identification:_identify(Plankton/tools) by extension 'cmake'
[0.268s] Level 1:colcon.colcon_core.package_identification:_identify(Plankton/tools) by extension 'python'
[0.268s] Level 1:colcon.colcon_core.package_identification:_identify(Plankton/tools) by extensions ['python_setup_py']
[0.268s] Level 1:colcon.colcon_core.package_identification:_identify(Plankton/tools) by extension 'python_setup_py'
[0.268s] Level 1:colcon.colcon_core.package_identification:_identify(Plankton/user_needs) by extensions ['ignore', 'ignore_ament_install']
[0.268s] Level 1:colcon.colcon_core.package_identification:_identify(Plankton/user_needs) by extension 'ignore'
[0.269s] Level 1:colcon.colcon_core.package_identification:_identify(Plankton/user_needs) by extension 'ignore_ament_install'
[0.269s] Level 1:colcon.colcon_core.package_identification:_identify(Plankton/user_needs) by extensions ['colcon_pkg']
[0.269s] Level 1:colcon.colcon_core.package_identification:_identify(Plankton/user_needs) by extension 'colcon_pkg'
[0.269s] Level 1:colcon.colcon_core.package_identification:_identify(Plankton/user_needs) by extensions ['colcon_meta']
[0.269s] Level 1:colcon.colcon_core.package_identification:_identify(Plankton/user_needs) by extension 'colcon_meta'
[0.269s] Level 1:colcon.colcon_core.package_identification:_identify(Plankton/user_needs) by extensions ['ros']
[0.269s] Level 1:colcon.colcon_core.package_identification:_identify(Plankton/user_needs) by extension 'ros'
[0.269s] Level 1:colcon.colcon_core.package_identification:_identify(Plankton/user_needs) by extensions ['cmake', 'python']
[0.269s] Level 1:colcon.colcon_core.package_identification:_identify(Plankton/user_needs) by extension 'cmake'
[0.269s] Level 1:colcon.colcon_core.package_identification:_identify(Plankton/user_needs) by extension 'python'
[0.269s] Level 1:colcon.colcon_core.package_identification:_identify(Plankton/user_needs) by extensions ['python_setup_py']
[0.269s] Level 1:colcon.colcon_core.package_identification:_identify(Plankton/user_needs) by extension 'python_setup_py'
[0.269s] Level 1:colcon.colcon_core.package_identification:_identify(Plankton/uuv_assistants) by extensions ['ignore', 'ignore_ament_install']
[0.269s] Level 1:colcon.colcon_core.package_identification:_identify(Plankton/uuv_assistants) by extension 'ignore'
[0.269s] Level 1:colcon.colcon_core.package_identification:_identify(Plankton/uuv_assistants) by extension 'ignore_ament_install'
[0.269s] Level 1:colcon.colcon_core.package_identification:_identify(Plankton/uuv_assistants) by extensions ['colcon_pkg']
[0.269s] Level 1:colcon.colcon_core.package_identification:_identify(Plankton/uuv_assistants) by extension 'colcon_pkg'
[0.269s] Level 1:colcon.colcon_core.package_identification:_identify(Plankton/uuv_assistants) by extensions ['colcon_meta']
[0.269s] Level 1:colcon.colcon_core.package_identification:_identify(Plankton/uuv_assistants) by extension 'colcon_meta'
[0.269s] Level 1:colcon.colcon_core.package_identification:_identify(Plankton/uuv_assistants) by extensions ['ros']
[0.269s] Level 1:colcon.colcon_core.package_identification:_identify(Plankton/uuv_assistants) by extension 'ros'
[0.270s] DEBUG:colcon.colcon_core.package_identification:Package 'Plankton/uuv_assistants' with type 'ros.ament_cmake' and name 'uuv_assistants'
[0.271s] Level 1:colcon.colcon_core.package_identification:_identify(Plankton/uuv_control) by extensions ['ignore', 'ignore_ament_install']
[0.271s] Level 1:colcon.colcon_core.package_identification:_identify(Plankton/uuv_control) by extension 'ignore'
[0.271s] Level 1:colcon.colcon_core.package_identification:_identify(Plankton/uuv_control) by extension 'ignore_ament_install'
[0.271s] Level 1:colcon.colcon_core.package_identification:_identify(Plankton/uuv_control) by extensions ['colcon_pkg']
[0.271s] Level 1:colcon.colcon_core.package_identification:_identify(Plankton/uuv_control) by extension 'colcon_pkg'
[0.271s] Level 1:colcon.colcon_core.package_identification:_identify(Plankton/uuv_control) by extensions ['colcon_meta']
[0.271s] Level 1:colcon.colcon_core.package_identification:_identify(Plankton/uuv_control) by extension 'colcon_meta'
[0.271s] Level 1:colcon.colcon_core.package_identification:_identify(Plankton/uuv_control) by extensions ['ros']
[0.271s] Level 1:colcon.colcon_core.package_identification:_identify(Plankton/uuv_control) by extension 'ros'
[0.271s] Level 1:colcon.colcon_core.package_identification:_identify(Plankton/uuv_control) by extensions ['cmake', 'python']
[0.271s] Level 1:colcon.colcon_core.package_identification:_identify(Plankton/uuv_control) by extension 'cmake'
[0.271s] Level 1:colcon.colcon_core.package_identification:_identify(Plankton/uuv_control) by extension 'python'
[0.271s] Level 1:colcon.colcon_core.package_identification:_identify(Plankton/uuv_control) by extensions ['python_setup_py']
[0.271s] Level 1:colcon.colcon_core.package_identification:_identify(Plankton/uuv_control) by extension 'python_setup_py'
[0.271s] Level 1:colcon.colcon_core.package_identification:_identify(Plankton/uuv_control/uuv_auv_control_allocator) by extensions ['ignore', 'ignore_ament_install']
[0.271s] Level 1:colcon.colcon_core.package_identification:_identify(Plankton/uuv_control/uuv_auv_control_allocator) by extension 'ignore'
[0.271s] Level 1:colcon.colcon_core.package_identification:_identify(Plankton/uuv_control/uuv_auv_control_allocator) by extension 'ignore_ament_install'
[0.271s] Level 1:colcon.colcon_core.package_identification:_identify(Plankton/uuv_control/uuv_auv_control_allocator) by extensions ['colcon_pkg']
[0.271s] Level 1:colcon.colcon_core.package_identification:_identify(Plankton/uuv_control/uuv_auv_control_allocator) by extension 'colcon_pkg'
[0.271s] Level 1:colcon.colcon_core.package_identification:_identify(Plankton/uuv_control/uuv_auv_control_allocator) by extensions ['colcon_meta']
[0.271s] Level 1:colcon.colcon_core.package_identification:_identify(Plankton/uuv_control/uuv_auv_control_allocator) by extension 'colcon_meta'
[0.271s] Level 1:colcon.colcon_core.package_identification:_identify(Plankton/uuv_control/uuv_auv_control_allocator) by extensions ['ros']
[0.271s] Level 1:colcon.colcon_core.package_identification:_identify(Plankton/uuv_control/uuv_auv_control_allocator) by extension 'ros'
[0.272s] DEBUG:colcon.colcon_core.package_identification:Package 'Plankton/uuv_control/uuv_auv_control_allocator' with type 'ros.ament_cmake' and name 'uuv_auv_control_allocator'
[0.272s] Level 1:colcon.colcon_core.package_identification:_identify(Plankton/uuv_control/uuv_control_cascaded_pids) by extensions ['ignore', 'ignore_ament_install']
[0.272s] Level 1:colcon.colcon_core.package_identification:_identify(Plankton/uuv_control/uuv_control_cascaded_pids) by extension 'ignore'
[0.272s] Level 1:colcon.colcon_core.package_identification:_identify(Plankton/uuv_control/uuv_control_cascaded_pids) by extension 'ignore_ament_install'
[0.272s] Level 1:colcon.colcon_core.package_identification:_identify(Plankton/uuv_control/uuv_control_cascaded_pids) by extensions ['colcon_pkg']
[0.272s] Level 1:colcon.colcon_core.package_identification:_identify(Plankton/uuv_control/uuv_control_cascaded_pids) by extension 'colcon_pkg'
[0.272s] Level 1:colcon.colcon_core.package_identification:_identify(Plankton/uuv_control/uuv_control_cascaded_pids) by extensions ['colcon_meta']
[0.272s] Level 1:colcon.colcon_core.package_identification:_identify(Plankton/uuv_control/uuv_control_cascaded_pids) by extension 'colcon_meta'
[0.272s] Level 1:colcon.colcon_core.package_identification:_identify(Plankton/uuv_control/uuv_control_cascaded_pids) by extensions ['ros']
[0.272s] Level 1:colcon.colcon_core.package_identification:_identify(Plankton/uuv_control/uuv_control_cascaded_pids) by extension 'ros'
[0.273s] DEBUG:colcon.colcon_core.package_identification:Package 'Plankton/uuv_control/uuv_control_cascaded_pids' with type 'ros.ament_cmake' and name 'uuv_control_cascaded_pid'
[0.273s] Level 1:colcon.colcon_core.package_identification:_identify(Plankton/uuv_control/uuv_control_msgs) by extensions ['ignore', 'ignore_ament_install']
[0.273s] Level 1:colcon.colcon_core.package_identification:_identify(Plankton/uuv_control/uuv_control_msgs) by extension 'ignore'
[0.273s] Level 1:colcon.colcon_core.package_identification:_identify(Plankton/uuv_control/uuv_control_msgs) by extension 'ignore_ament_install'
[0.273s] Level 1:colcon.colcon_core.package_identification:_identify(Plankton/uuv_control/uuv_control_msgs) by extensions ['colcon_pkg']
[0.273s] Level 1:colcon.colcon_core.package_identification:_identify(Plankton/uuv_control/uuv_control_msgs) by extension 'colcon_pkg'
[0.273s] Level 1:colcon.colcon_core.package_identification:_identify(Plankton/uuv_control/uuv_control_msgs) by extensions ['colcon_meta']
[0.273s] Level 1:colcon.colcon_core.package_identification:_identify(Plankton/uuv_control/uuv_control_msgs) by extension 'colcon_meta'
[0.273s] Level 1:colcon.colcon_core.package_identification:_identify(Plankton/uuv_control/uuv_control_msgs) by extensions ['ros']
[0.273s] Level 1:colcon.colcon_core.package_identification:_identify(Plankton/uuv_control/uuv_control_msgs) by extension 'ros'
[0.274s] DEBUG:colcon.colcon_core.package_identification:Package 'Plankton/uuv_control/uuv_control_msgs' with type 'ros.ament_cmake' and name 'uuv_control_msgs'
[0.274s] Level 1:colcon.colcon_core.package_identification:_identify(Plankton/uuv_control/uuv_control_utils) by extensions ['ignore', 'ignore_ament_install']
[0.274s] Level 1:colcon.colcon_core.package_identification:_identify(Plankton/uuv_control/uuv_control_utils) by extension 'ignore'
[0.274s] Level 1:colcon.colcon_core.package_identification:_identify(Plankton/uuv_control/uuv_control_utils) by extension 'ignore_ament_install'
[0.274s] Level 1:colcon.colcon_core.package_identification:_identify(Plankton/uuv_control/uuv_control_utils) by extensions ['colcon_pkg']
[0.274s] Level 1:colcon.colcon_core.package_identification:_identify(Plankton/uuv_control/uuv_control_utils) by extension 'colcon_pkg'
[0.274s] Level 1:colcon.colcon_core.package_identification:_identify(Plankton/uuv_control/uuv_control_utils) by extensions ['colcon_meta']
[0.274s] Level 1:colcon.colcon_core.package_identification:_identify(Plankton/uuv_control/uuv_control_utils) by extension 'colcon_meta'
[0.274s] Level 1:colcon.colcon_core.package_identification:_identify(Plankton/uuv_control/uuv_control_utils) by extensions ['ros']
[0.275s] Level 1:colcon.colcon_core.package_identification:_identify(Plankton/uuv_control/uuv_control_utils) by extension 'ros'
[0.275s] DEBUG:colcon.colcon_core.package_identification:Package 'Plankton/uuv_control/uuv_control_utils' with type 'ros.ament_cmake' and name 'uuv_control_utils'
[0.275s] Level 1:colcon.colcon_core.package_identification:_identify(Plankton/uuv_control/uuv_thruster_manager) by extensions ['ignore', 'ignore_ament_install']
[0.275s] Level 1:colcon.colcon_core.package_identification:_identify(Plankton/uuv_control/uuv_thruster_manager) by extension 'ignore'
[0.275s] Level 1:colcon.colcon_core.package_identification:_identify(Plankton/uuv_control/uuv_thruster_manager) by extension 'ignore_ament_install'
[0.275s] Level 1:colcon.colcon_core.package_identification:_identify(Plankton/uuv_control/uuv_thruster_manager) by extensions ['colcon_pkg']
[0.275s] Level 1:colcon.colcon_core.package_identification:_identify(Plankton/uuv_control/uuv_thruster_manager) by extension 'colcon_pkg'
[0.275s] Level 1:colcon.colcon_core.package_identification:_identify(Plankton/uuv_control/uuv_thruster_manager) by extensions ['colcon_meta']
[0.275s] Level 1:colcon.colcon_core.package_identification:_identify(Plankton/uuv_control/uuv_thruster_manager) by extension 'colcon_meta'
[0.276s] Level 1:colcon.colcon_core.package_identification:_identify(Plankton/uuv_control/uuv_thruster_manager) by extensions ['ros']
[0.276s] Level 1:colcon.colcon_core.package_identification:_identify(Plankton/uuv_control/uuv_thruster_manager) by extension 'ros'
[0.276s] DEBUG:colcon.colcon_core.package_identification:Package 'Plankton/uuv_control/uuv_thruster_manager' with type 'ros.ament_cmake' and name 'uuv_thruster_manager'
[0.276s] Level 1:colcon.colcon_core.package_identification:_identify(Plankton/uuv_control/uuv_trajectory_control) by extensions ['ignore', 'ignore_ament_install']
[0.276s] Level 1:colcon.colcon_core.package_identification:_identify(Plankton/uuv_control/uuv_trajectory_control) by extension 'ignore'
[0.277s] Level 1:colcon.colcon_core.package_identification:_identify(Plankton/uuv_control/uuv_trajectory_control) by extension 'ignore_ament_install'
[0.277s] Level 1:colcon.colcon_core.package_identification:_identify(Plankton/uuv_control/uuv_trajectory_control) by extensions ['colcon_pkg']
[0.277s] Level 1:colcon.colcon_core.package_identification:_identify(Plankton/uuv_control/uuv_trajectory_control) by extension 'colcon_pkg'
[0.277s] Level 1:colcon.colcon_core.package_identification:_identify(Plankton/uuv_control/uuv_trajectory_control) by extensions ['colcon_meta']
[0.277s] Level 1:colcon.colcon_core.package_identification:_identify(Plankton/uuv_control/uuv_trajectory_control) by extension 'colcon_meta'
[0.277s] Level 1:colcon.colcon_core.package_identification:_identify(Plankton/uuv_control/uuv_trajectory_control) by extensions ['ros']
[0.277s] Level 1:colcon.colcon_core.package_identification:_identify(Plankton/uuv_control/uuv_trajectory_control) by extension 'ros'
[0.277s] DEBUG:colcon.colcon_core.package_identification:Package 'Plankton/uuv_control/uuv_trajectory_control' with type 'ros.ament_cmake' and name 'uuv_trajectory_control'
[0.278s] Level 1:colcon.colcon_core.package_identification:_identify(Plankton/uuv_descriptions) by extensions ['ignore', 'ignore_ament_install']
[0.278s] Level 1:colcon.colcon_core.package_identification:_identify(Plankton/uuv_descriptions) by extension 'ignore'
[0.278s] Level 1:colcon.colcon_core.package_identification:_identify(Plankton/uuv_descriptions) by extension 'ignore_ament_install'
[0.278s] Level 1:colcon.colcon_core.package_identification:_identify(Plankton/uuv_descriptions) by extensions ['colcon_pkg']
[0.278s] Level 1:colcon.colcon_core.package_identification:_identify(Plankton/uuv_descriptions) by extension 'colcon_pkg'
[0.278s] Level 1:colcon.colcon_core.package_identification:_identify(Plankton/uuv_descriptions) by extensions ['colcon_meta']
[0.278s] Level 1:colcon.colcon_core.package_identification:_identify(Plankton/uuv_descriptions) by extension 'colcon_meta'
[0.278s] Level 1:colcon.colcon_core.package_identification:_identify(Plankton/uuv_descriptions) by extensions ['ros']
[0.278s] Level 1:colcon.colcon_core.package_identification:_identify(Plankton/uuv_descriptions) by extension 'ros'
[0.278s] DEBUG:colcon.colcon_core.package_identification:Package 'Plankton/uuv_descriptions' with type 'ros.ament_cmake' and name 'uuv_descriptions'
[0.278s] Level 1:colcon.colcon_core.package_identification:_identify(Plankton/uuv_gazebo) by extensions ['ignore', 'ignore_ament_install']
[0.279s] Level 1:colcon.colcon_core.package_identification:_identify(Plankton/uuv_gazebo) by extension 'ignore'
[0.279s] Level 1:colcon.colcon_core.package_identification:_identify(Plankton/uuv_gazebo) by extension 'ignore_ament_install'
[0.279s] Level 1:colcon.colcon_core.package_identification:_identify(Plankton/uuv_gazebo) by extensions ['colcon_pkg']
[0.279s] Level 1:colcon.colcon_core.package_identification:_identify(Plankton/uuv_gazebo) by extension 'colcon_pkg'
[0.279s] Level 1:colcon.colcon_core.package_identification:_identify(Plankton/uuv_gazebo) by extensions ['colcon_meta']
[0.279s] Level 1:colcon.colcon_core.package_identification:_identify(Plankton/uuv_gazebo) by extension 'colcon_meta'
[0.279s] Level 1:colcon.colcon_core.package_identification:_identify(Plankton/uuv_gazebo) by extensions ['ros']
[0.279s] Level 1:colcon.colcon_core.package_identification:_identify(Plankton/uuv_gazebo) by extension 'ros'
[0.279s] DEBUG:colcon.colcon_core.package_identification:Package 'Plankton/uuv_gazebo' with type 'ros.ament_cmake' and name 'uuv_gazebo'
[0.279s] Level 1:colcon.colcon_core.package_identification:_identify(Plankton/uuv_gazebo_plugins) by extensions ['ignore', 'ignore_ament_install']
[0.279s] Level 1:colcon.colcon_core.package_identification:_identify(Plankton/uuv_gazebo_plugins) by extension 'ignore'
[0.279s] Level 1:colcon.colcon_core.package_identification:_identify(Plankton/uuv_gazebo_plugins) by extension 'ignore_ament_install'
[0.280s] Level 1:colcon.colcon_core.package_identification:_identify(Plankton/uuv_gazebo_plugins) by extensions ['colcon_pkg']
[0.280s] Level 1:colcon.colcon_core.package_identification:_identify(Plankton/uuv_gazebo_plugins) by extension 'colcon_pkg'
[0.280s] Level 1:colcon.colcon_core.package_identification:_identify(Plankton/uuv_gazebo_plugins) by extensions ['colcon_meta']
[0.280s] Level 1:colcon.colcon_core.package_identification:_identify(Plankton/uuv_gazebo_plugins) by extension 'colcon_meta'
[0.280s] Level 1:colcon.colcon_core.package_identification:_identify(Plankton/uuv_gazebo_plugins) by extensions ['ros']
[0.280s] Level 1:colcon.colcon_core.package_identification:_identify(Plankton/uuv_gazebo_plugins) by extension 'ros'
[0.280s] Level 1:colcon.colcon_core.package_identification:_identify(Plankton/uuv_gazebo_plugins) by extensions ['cmake', 'python']
[0.280s] Level 1:colcon.colcon_core.package_identification:_identify(Plankton/uuv_gazebo_plugins) by extension 'cmake'
[0.280s] Level 1:colcon.colcon_core.package_identification:_identify(Plankton/uuv_gazebo_plugins) by extension 'python'
[0.280s] Level 1:colcon.colcon_core.package_identification:_identify(Plankton/uuv_gazebo_plugins) by extensions ['python_setup_py']
[0.280s] Level 1:colcon.colcon_core.package_identification:_identify(Plankton/uuv_gazebo_plugins) by extension 'python_setup_py'
[0.280s] Level 1:colcon.colcon_core.package_identification:_identify(Plankton/uuv_gazebo_plugins/uuv_gazebo_plugins) by extensions ['ignore', 'ignore_ament_install']
[0.280s] Level 1:colcon.colcon_core.package_identification:_identify(Plankton/uuv_gazebo_plugins/uuv_gazebo_plugins) by extension 'ignore'
[0.280s] Level 1:colcon.colcon_core.package_identification:_identify(Plankton/uuv_gazebo_plugins/uuv_gazebo_plugins) by extension 'ignore_ament_install'
[0.280s] Level 1:colcon.colcon_core.package_identification:_identify(Plankton/uuv_gazebo_plugins/uuv_gazebo_plugins) by extensions ['colcon_pkg']
[0.280s] Level 1:colcon.colcon_core.package_identification:_identify(Plankton/uuv_gazebo_plugins/uuv_gazebo_plugins) by extension 'colcon_pkg'
[0.280s] Level 1:colcon.colcon_core.package_identification:_identify(Plankton/uuv_gazebo_plugins/uuv_gazebo_plugins) by extensions ['colcon_meta']
[0.280s] Level 1:colcon.colcon_core.package_identification:_identify(Plankton/uuv_gazebo_plugins/uuv_gazebo_plugins) by extension 'colcon_meta'
[0.280s] Level 1:colcon.colcon_core.package_identification:_identify(Plankton/uuv_gazebo_plugins/uuv_gazebo_plugins) by extensions ['ros']
[0.280s] Level 1:colcon.colcon_core.package_identification:_identify(Plankton/uuv_gazebo_plugins/uuv_gazebo_plugins) by extension 'ros'
[0.281s] DEBUG:colcon.colcon_core.package_identification:Package 'Plankton/uuv_gazebo_plugins/uuv_gazebo_plugins' with type 'ros.ament_cmake' and name 'uuv_gazebo_plugins'
[0.281s] Level 1:colcon.colcon_core.package_identification:_identify(Plankton/uuv_gazebo_plugins/uuv_gazebo_ros_plugins) by extensions ['ignore', 'ignore_ament_install']
[0.281s] Level 1:colcon.colcon_core.package_identification:_identify(Plankton/uuv_gazebo_plugins/uuv_gazebo_ros_plugins) by extension 'ignore'
[0.281s] Level 1:colcon.colcon_core.package_identification:_identify(Plankton/uuv_gazebo_plugins/uuv_gazebo_ros_plugins) by extension 'ignore_ament_install'
[0.281s] Level 1:colcon.colcon_core.package_identification:_identify(Plankton/uuv_gazebo_plugins/uuv_gazebo_ros_plugins) by extensions ['colcon_pkg']
[0.281s] Level 1:colcon.colcon_core.package_identification:_identify(Plankton/uuv_gazebo_plugins/uuv_gazebo_ros_plugins) by extension 'colcon_pkg'
[0.281s] Level 1:colcon.colcon_core.package_identification:_identify(Plankton/uuv_gazebo_plugins/uuv_gazebo_ros_plugins) by extensions ['colcon_meta']
[0.281s] Level 1:colcon.colcon_core.package_identification:_identify(Plankton/uuv_gazebo_plugins/uuv_gazebo_ros_plugins) by extension 'colcon_meta'
[0.281s] Level 1:colcon.colcon_core.package_identification:_identify(Plankton/uuv_gazebo_plugins/uuv_gazebo_ros_plugins) by extensions ['ros']
[0.281s] Level 1:colcon.colcon_core.package_identification:_identify(Plankton/uuv_gazebo_plugins/uuv_gazebo_ros_plugins) by extension 'ros'
[0.283s] DEBUG:colcon.colcon_core.package_identification:Package 'Plankton/uuv_gazebo_plugins/uuv_gazebo_ros_plugins' with type 'ros.ament_cmake' and name 'uuv_gazebo_ros_plugins'
[0.284s] Level 1:colcon.colcon_core.package_identification:_identify(Plankton/uuv_gazebo_plugins/uuv_gazebo_ros_plugins_msgs) by extensions ['ignore', 'ignore_ament_install']
[0.284s] Level 1:colcon.colcon_core.package_identification:_identify(Plankton/uuv_gazebo_plugins/uuv_gazebo_ros_plugins_msgs) by extension 'ignore'
[0.284s] Level 1:colcon.colcon_core.package_identification:_identify(Plankton/uuv_gazebo_plugins/uuv_gazebo_ros_plugins_msgs) by extension 'ignore_ament_install'
[0.284s] Level 1:colcon.colcon_core.package_identification:_identify(Plankton/uuv_gazebo_plugins/uuv_gazebo_ros_plugins_msgs) by extensions ['colcon_pkg']
[0.284s] Level 1:colcon.colcon_core.package_identification:_identify(Plankton/uuv_gazebo_plugins/uuv_gazebo_ros_plugins_msgs) by extension 'colcon_pkg'
[0.284s] Level 1:colcon.colcon_core.package_identification:_identify(Plankton/uuv_gazebo_plugins/uuv_gazebo_ros_plugins_msgs) by extensions ['colcon_meta']
[0.284s] Level 1:colcon.colcon_core.package_identification:_identify(Plankton/uuv_gazebo_plugins/uuv_gazebo_ros_plugins_msgs) by extension 'colcon_meta'
[0.284s] Level 1:colcon.colcon_core.package_identification:_identify(Plankton/uuv_gazebo_plugins/uuv_gazebo_ros_plugins_msgs) by extensions ['ros']
[0.284s] Level 1:colcon.colcon_core.package_identification:_identify(Plankton/uuv_gazebo_plugins/uuv_gazebo_ros_plugins_msgs) by extension 'ros'
[0.285s] DEBUG:colcon.colcon_core.package_identification:Package 'Plankton/uuv_gazebo_plugins/uuv_gazebo_ros_plugins_msgs' with type 'ros.ament_cmake' and name 'uuv_gazebo_ros_plugins_msgs'
[0.285s] Level 1:colcon.colcon_core.package_identification:_identify(Plankton/uuv_gazebo_worlds) by extensions ['ignore', 'ignore_ament_install']
[0.285s] Level 1:colcon.colcon_core.package_identification:_identify(Plankton/uuv_gazebo_worlds) by extension 'ignore'
[0.285s] Level 1:colcon.colcon_core.package_identification:_identify(Plankton/uuv_gazebo_worlds) by extension 'ignore_ament_install'
[0.285s] Level 1:colcon.colcon_core.package_identification:_identify(Plankton/uuv_gazebo_worlds) by extensions ['colcon_pkg']
[0.285s] Level 1:colcon.colcon_core.package_identification:_identify(Plankton/uuv_gazebo_worlds) by extension 'colcon_pkg'
[0.285s] Level 1:colcon.colcon_core.package_identification:_identify(Plankton/uuv_gazebo_worlds) by extensions ['colcon_meta']
[0.285s] Level 1:colcon.colcon_core.package_identification:_identify(Plankton/uuv_gazebo_worlds) by extension 'colcon_meta'
[0.285s] Level 1:colcon.colcon_core.package_identification:_identify(Plankton/uuv_gazebo_worlds) by extensions ['ros']
[0.285s] Level 1:colcon.colcon_core.package_identification:_identify(Plankton/uuv_gazebo_worlds) by extension 'ros'
[0.286s] DEBUG:colcon.colcon_core.package_identification:Package 'Plankton/uuv_gazebo_worlds' with type 'ros.ament_cmake' and name 'uuv_gazebo_worlds'
[0.286s] Level 1:colcon.colcon_core.package_identification:_identify(Plankton/uuv_sensor_plugins) by extensions ['ignore', 'ignore_ament_install']
[0.286s] Level 1:colcon.colcon_core.package_identification:_identify(Plankton/uuv_sensor_plugins) by extension 'ignore'
[0.286s] Level 1:colcon.colcon_core.package_identification:_identify(Plankton/uuv_sensor_plugins) by extension 'ignore_ament_install'
[0.286s] Level 1:colcon.colcon_core.package_identification:_identify(Plankton/uuv_sensor_plugins) by extensions ['colcon_pkg']
[0.286s] Level 1:colcon.colcon_core.package_identification:_identify(Plankton/uuv_sensor_plugins) by extension 'colcon_pkg'
[0.286s] Level 1:colcon.colcon_core.package_identification:_identify(Plankton/uuv_sensor_plugins) by extensions ['colcon_meta']
[0.286s] Level 1:colcon.colcon_core.package_identification:_identify(Plankton/uuv_sensor_plugins) by extension 'colcon_meta'
[0.286s] Level 1:colcon.colcon_core.package_identification:_identify(Plankton/uuv_sensor_plugins) by extensions ['ros']
[0.286s] Level 1:colcon.colcon_core.package_identification:_identify(Plankton/uuv_sensor_plugins) by extension 'ros'
[0.286s] Level 1:colcon.colcon_core.package_identification:_identify(Plankton/uuv_sensor_plugins) by extensions ['cmake', 'python']
[0.286s] Level 1:colcon.colcon_core.package_identification:_identify(Plankton/uuv_sensor_plugins) by extension 'cmake'
[0.286s] Level 1:colcon.colcon_core.package_identification:_identify(Plankton/uuv_sensor_plugins) by extension 'python'
[0.286s] Level 1:colcon.colcon_core.package_identification:_identify(Plankton/uuv_sensor_plugins) by extensions ['python_setup_py']
[0.286s] Level 1:colcon.colcon_core.package_identification:_identify(Plankton/uuv_sensor_plugins) by extension 'python_setup_py'
[0.286s] Level 1:colcon.colcon_core.package_identification:_identify(Plankton/uuv_sensor_plugins/uuv_sensor_ros_plugins) by extensions ['ignore', 'ignore_ament_install']
[0.286s] Level 1:colcon.colcon_core.package_identification:_identify(Plankton/uuv_sensor_plugins/uuv_sensor_ros_plugins) by extension 'ignore'
[0.287s] Level 1:colcon.colcon_core.package_identification:_identify(Plankton/uuv_sensor_plugins/uuv_sensor_ros_plugins) by extension 'ignore_ament_install'
[0.287s] Level 1:colcon.colcon_core.package_identification:_identify(Plankton/uuv_sensor_plugins/uuv_sensor_ros_plugins) by extensions ['colcon_pkg']
[0.287s] Level 1:colcon.colcon_core.package_identification:_identify(Plankton/uuv_sensor_plugins/uuv_sensor_ros_plugins) by extension 'colcon_pkg'
[0.287s] Level 1:colcon.colcon_core.package_identification:_identify(Plankton/uuv_sensor_plugins/uuv_sensor_ros_plugins) by extensions ['colcon_meta']
[0.287s] Level 1:colcon.colcon_core.package_identification:_identify(Plankton/uuv_sensor_plugins/uuv_sensor_ros_plugins) by extension 'colcon_meta'
[0.287s] Level 1:colcon.colcon_core.package_identification:_identify(Plankton/uuv_sensor_plugins/uuv_sensor_ros_plugins) by extensions ['ros']
[0.287s] Level 1:colcon.colcon_core.package_identification:_identify(Plankton/uuv_sensor_plugins/uuv_sensor_ros_plugins) by extension 'ros'
[0.288s] DEBUG:colcon.colcon_core.package_identification:Package 'Plankton/uuv_sensor_plugins/uuv_sensor_ros_plugins' with type 'ros.ament_cmake' and name 'uuv_sensor_ros_plugins'
[0.288s] Level 1:colcon.colcon_core.package_identification:_identify(Plankton/uuv_sensor_plugins/uuv_sensor_ros_plugins_msgs) by extensions ['ignore', 'ignore_ament_install']
[0.288s] Level 1:colcon.colcon_core.package_identification:_identify(Plankton/uuv_sensor_plugins/uuv_sensor_ros_plugins_msgs) by extension 'ignore'
[0.288s] Level 1:colcon.colcon_core.package_identification:_identify(Plankton/uuv_sensor_plugins/uuv_sensor_ros_plugins_msgs) by extension 'ignore_ament_install'
[0.288s] Level 1:colcon.colcon_core.package_identification:_identify(Plankton/uuv_sensor_plugins/uuv_sensor_ros_plugins_msgs) by extensions ['colcon_pkg']
[0.288s] Level 1:colcon.colcon_core.package_identification:_identify(Plankton/uuv_sensor_plugins/uuv_sensor_ros_plugins_msgs) by extension 'colcon_pkg'
[0.288s] Level 1:colcon.colcon_core.package_identification:_identify(Plankton/uuv_sensor_plugins/uuv_sensor_ros_plugins_msgs) by extensions ['colcon_meta']
[0.288s] Level 1:colcon.colcon_core.package_identification:_identify(Plankton/uuv_sensor_plugins/uuv_sensor_ros_plugins_msgs) by extension 'colcon_meta'
[0.288s] Level 1:colcon.colcon_core.package_identification:_identify(Plankton/uuv_sensor_plugins/uuv_sensor_ros_plugins_msgs) by extensions ['ros']
[0.289s] Level 1:colcon.colcon_core.package_identification:_identify(Plankton/uuv_sensor_plugins/uuv_sensor_ros_plugins_msgs) by extension 'ros'
[0.289s] DEBUG:colcon.colcon_core.package_identification:Package 'Plankton/uuv_sensor_plugins/uuv_sensor_ros_plugins_msgs' with type 'ros.ament_cmake' and name 'uuv_sensor_ros_plugins_msgs'
[0.289s] Level 1:colcon.colcon_core.package_identification:_identify(Plankton/uuv_simulator) by extensions ['ignore', 'ignore_ament_install']
[0.289s] Level 1:colcon.colcon_core.package_identification:_identify(Plankton/uuv_simulator) by extension 'ignore'
[0.289s] Level 1:colcon.colcon_core.package_identification:_identify(Plankton/uuv_simulator) by extension 'ignore_ament_install'
[0.289s] Level 1:colcon.colcon_core.package_identification:_identify(Plankton/uuv_simulator) by extensions ['colcon_pkg']
[0.289s] Level 1:colcon.colcon_core.package_identification:_identify(Plankton/uuv_simulator) by extension 'colcon_pkg'
[0.289s] Level 1:colcon.colcon_core.package_identification:_identify(Plankton/uuv_simulator) by extensions ['colcon_meta']
[0.289s] Level 1:colcon.colcon_core.package_identification:_identify(Plankton/uuv_simulator) by extension 'colcon_meta'
[0.289s] Level 1:colcon.colcon_core.package_identification:_identify(Plankton/uuv_simulator) by extensions ['ros']
[0.290s] Level 1:colcon.colcon_core.package_identification:_identify(Plankton/uuv_simulator) by extension 'ros'
[0.290s] DEBUG:colcon.colcon_core.package_identification:Package 'Plankton/uuv_simulator' with type 'ros.ament_cmake' and name 'uuv_simulator'
[0.290s] Level 1:colcon.colcon_core.package_identification:_identify(Plankton/uuv_teleop) by extensions ['ignore', 'ignore_ament_install']
[0.290s] Level 1:colcon.colcon_core.package_identification:_identify(Plankton/uuv_teleop) by extension 'ignore'
[0.290s] Level 1:colcon.colcon_core.package_identification:_identify(Plankton/uuv_teleop) by extension 'ignore_ament_install'
[0.290s] Level 1:colcon.colcon_core.package_identification:_identify(Plankton/uuv_teleop) by extensions ['colcon_pkg']
[0.290s] Level 1:colcon.colcon_core.package_identification:_identify(Plankton/uuv_teleop) by extension 'colcon_pkg'
[0.291s] Level 1:colcon.colcon_core.package_identification:_identify(Plankton/uuv_teleop) by extensions ['colcon_meta']
[0.291s] Level 1:colcon.colcon_core.package_identification:_identify(Plankton/uuv_teleop) by extension 'colcon_meta'
[0.291s] Level 1:colcon.colcon_core.package_identification:_identify(Plankton/uuv_teleop) by extensions ['ros']
[0.291s] Level 1:colcon.colcon_core.package_identification:_identify(Plankton/uuv_teleop) by extension 'ros'
[0.291s] DEBUG:colcon.colcon_core.package_identification:Package 'Plankton/uuv_teleop' with type 'ros.ament_cmake' and name 'uuv_teleop'
[0.291s] Level 1:colcon.colcon_core.package_identification:_identify(Plankton/uuv_tutorials) by extensions ['ignore', 'ignore_ament_install']
[0.291s] Level 1:colcon.colcon_core.package_identification:_identify(Plankton/uuv_tutorials) by extension 'ignore'
[0.291s] Level 1:colcon.colcon_core.package_identification:_identify(Plankton/uuv_tutorials) by extension 'ignore_ament_install'
[0.291s] Level 1:colcon.colcon_core.package_identification:_identify(Plankton/uuv_tutorials) by extensions ['colcon_pkg']
[0.291s] Level 1:colcon.colcon_core.package_identification:_identify(Plankton/uuv_tutorials) by extension 'colcon_pkg'
[0.291s] Level 1:colcon.colcon_core.package_identification:_identify(Plankton/uuv_tutorials) by extensions ['colcon_meta']
[0.291s] Level 1:colcon.colcon_core.package_identification:_identify(Plankton/uuv_tutorials) by extension 'colcon_meta'
[0.292s] Level 1:colcon.colcon_core.package_identification:_identify(Plankton/uuv_tutorials) by extensions ['ros']
[0.292s] Level 1:colcon.colcon_core.package_identification:_identify(Plankton/uuv_tutorials) by extension 'ros'
[0.292s] Level 1:colcon.colcon_core.package_identification:_identify(Plankton/uuv_tutorials) by extensions ['cmake', 'python']
[0.292s] Level 1:colcon.colcon_core.package_identification:_identify(Plankton/uuv_tutorials) by extension 'cmake'
[0.292s] Level 1:colcon.colcon_core.package_identification:_identify(Plankton/uuv_tutorials) by extension 'python'
[0.292s] Level 1:colcon.colcon_core.package_identification:_identify(Plankton/uuv_tutorials) by extensions ['python_setup_py']
[0.292s] Level 1:colcon.colcon_core.package_identification:_identify(Plankton/uuv_tutorials) by extension 'python_setup_py'
[0.292s] Level 1:colcon.colcon_core.package_identification:_identify(Plankton/uuv_tutorials/uuv_tutorial_disturbances) by extensions ['ignore', 'ignore_ament_install']
[0.292s] Level 1:colcon.colcon_core.package_identification:_identify(Plankton/uuv_tutorials/uuv_tutorial_disturbances) by extension 'ignore'
[0.292s] Level 1:colcon.colcon_core.package_identification:_identify(Plankton/uuv_tutorials/uuv_tutorial_disturbances) by extension 'ignore_ament_install'
[0.292s] Level 1:colcon.colcon_core.package_identification:_identify(Plankton/uuv_tutorials/uuv_tutorial_disturbances) by extensions ['colcon_pkg']
[0.292s] Level 1:colcon.colcon_core.package_identification:_identify(Plankton/uuv_tutorials/uuv_tutorial_disturbances) by extension 'colcon_pkg'
[0.292s] Level 1:colcon.colcon_core.package_identification:_identify(Plankton/uuv_tutorials/uuv_tutorial_disturbances) by extensions ['colcon_meta']
[0.292s] Level 1:colcon.colcon_core.package_identification:_identify(Plankton/uuv_tutorials/uuv_tutorial_disturbances) by extension 'colcon_meta'
[0.292s] Level 1:colcon.colcon_core.package_identification:_identify(Plankton/uuv_tutorials/uuv_tutorial_disturbances) by extensions ['ros']
[0.292s] Level 1:colcon.colcon_core.package_identification:_identify(Plankton/uuv_tutorials/uuv_tutorial_disturbances) by extension 'ros'
[0.293s] DEBUG:colcon.colcon_core.package_identification:Package 'Plankton/uuv_tutorials/uuv_tutorial_disturbances' with type 'ros.ament_cmake' and name 'uuv_tutorial_disturbances'
[0.293s] Level 1:colcon.colcon_core.package_identification:_identify(Plankton/uuv_tutorials/uuv_tutorial_dp_controller) by extensions ['ignore', 'ignore_ament_install']
[0.293s] Level 1:colcon.colcon_core.package_identification:_identify(Plankton/uuv_tutorials/uuv_tutorial_dp_controller) by extension 'ignore'
[0.293s] Level 1:colcon.colcon_core.package_identification:_identify(Plankton/uuv_tutorials/uuv_tutorial_dp_controller) by extension 'ignore_ament_install'
[0.293s] Level 1:colcon.colcon_core.package_identification:_identify(Plankton/uuv_tutorials/uuv_tutorial_dp_controller) by extensions ['colcon_pkg']
[0.293s] Level 1:colcon.colcon_core.package_identification:_identify(Plankton/uuv_tutorials/uuv_tutorial_dp_controller) by extension 'colcon_pkg'
[0.293s] Level 1:colcon.colcon_core.package_identification:_identify(Plankton/uuv_tutorials/uuv_tutorial_dp_controller) by extensions ['colcon_meta']
[0.293s] Level 1:colcon.colcon_core.package_identification:_identify(Plankton/uuv_tutorials/uuv_tutorial_dp_controller) by extension 'colcon_meta'
[0.293s] Level 1:colcon.colcon_core.package_identification:_identify(Plankton/uuv_tutorials/uuv_tutorial_dp_controller) by extensions ['ros']
[0.293s] Level 1:colcon.colcon_core.package_identification:_identify(Plankton/uuv_tutorials/uuv_tutorial_dp_controller) by extension 'ros'
[0.294s] DEBUG:colcon.colcon_core.package_identification:Package 'Plankton/uuv_tutorials/uuv_tutorial_dp_controller' with type 'ros.ament_cmake' and name 'uuv_tutorial_dp_controller'
[0.294s] Level 1:colcon.colcon_core.package_identification:_identify(Plankton/uuv_tutorials/uuv_tutorial_rov_model) by extensions ['ignore', 'ignore_ament_install']
[0.294s] Level 1:colcon.colcon_core.package_identification:_identify(Plankton/uuv_tutorials/uuv_tutorial_rov_model) by extension 'ignore'
[0.294s] Level 1:colcon.colcon_core.package_identification:_identify(Plankton/uuv_tutorials/uuv_tutorial_rov_model) ignored
[0.294s] Level 1:colcon.colcon_core.package_identification:_identify(Plankton/uuv_tutorials/uuv_tutorial_seabed_world) by extensions ['ignore', 'ignore_ament_install']
[0.294s] Level 1:colcon.colcon_core.package_identification:_identify(Plankton/uuv_tutorials/uuv_tutorial_seabed_world) by extension 'ignore'
[0.294s] Level 1:colcon.colcon_core.package_identification:_identify(Plankton/uuv_tutorials/uuv_tutorial_seabed_world) by extension 'ignore_ament_install'
[0.294s] Level 1:colcon.colcon_core.package_identification:_identify(Plankton/uuv_tutorials/uuv_tutorial_seabed_world) by extensions ['colcon_pkg']
[0.294s] Level 1:colcon.colcon_core.package_identification:_identify(Plankton/uuv_tutorials/uuv_tutorial_seabed_world) by extension 'colcon_pkg'
[0.294s] Level 1:colcon.colcon_core.package_identification:_identify(Plankton/uuv_tutorials/uuv_tutorial_seabed_world) by extensions ['colcon_meta']
[0.294s] Level 1:colcon.colcon_core.package_identification:_identify(Plankton/uuv_tutorials/uuv_tutorial_seabed_world) by extension 'colcon_meta'
[0.294s] Level 1:colcon.colcon_core.package_identification:_identify(Plankton/uuv_tutorials/uuv_tutorial_seabed_world) by extensions ['ros']
[0.294s] Level 1:colcon.colcon_core.package_identification:_identify(Plankton/uuv_tutorials/uuv_tutorial_seabed_world) by extension 'ros'
[0.295s] DEBUG:colcon.colcon_core.package_identification:Package 'Plankton/uuv_tutorials/uuv_tutorial_seabed_world' with type 'ros.ament_cmake' and name 'uuv_tutorial_seabed_world'
[0.295s] Level 1:colcon.colcon_core.package_identification:_identify(Plankton/uuv_tutorials/uuv_tutorials) by extensions ['ignore', 'ignore_ament_install']
[0.295s] Level 1:colcon.colcon_core.package_identification:_identify(Plankton/uuv_tutorials/uuv_tutorials) by extension 'ignore'
[0.295s] Level 1:colcon.colcon_core.package_identification:_identify(Plankton/uuv_tutorials/uuv_tutorials) by extension 'ignore_ament_install'
[0.295s] Level 1:colcon.colcon_core.package_identification:_identify(Plankton/uuv_tutorials/uuv_tutorials) by extensions ['colcon_pkg']
[0.295s] Level 1:colcon.colcon_core.package_identification:_identify(Plankton/uuv_tutorials/uuv_tutorials) by extension 'colcon_pkg'
[0.295s] Level 1:colcon.colcon_core.package_identification:_identify(Plankton/uuv_tutorials/uuv_tutorials) by extensions ['colcon_meta']
[0.295s] Level 1:colcon.colcon_core.package_identification:_identify(Plankton/uuv_tutorials/uuv_tutorials) by extension 'colcon_meta'
[0.295s] Level 1:colcon.colcon_core.package_identification:_identify(Plankton/uuv_tutorials/uuv_tutorials) by extensions ['ros']
[0.295s] Level 1:colcon.colcon_core.package_identification:_identify(Plankton/uuv_tutorials/uuv_tutorials) by extension 'ros'
[0.296s] DEBUG:colcon.colcon_core.package_identification:Package 'Plankton/uuv_tutorials/uuv_tutorials' with type 'ros.ament_cmake' and name 'uuv_tutorials'
[0.296s] Level 1:colcon.colcon_core.package_identification:_identify(Plankton/uuv_world_plugins) by extensions ['ignore', 'ignore_ament_install']
[0.296s] Level 1:colcon.colcon_core.package_identification:_identify(Plankton/uuv_world_plugins) by extension 'ignore'
[0.296s] Level 1:colcon.colcon_core.package_identification:_identify(Plankton/uuv_world_plugins) by extension 'ignore_ament_install'
[0.296s] Level 1:colcon.colcon_core.package_identification:_identify(Plankton/uuv_world_plugins) by extensions ['colcon_pkg']
[0.296s] Level 1:colcon.colcon_core.package_identification:_identify(Plankton/uuv_world_plugins) by extension 'colcon_pkg'
[0.296s] Level 1:colcon.colcon_core.package_identification:_identify(Plankton/uuv_world_plugins) by extensions ['colcon_meta']
[0.296s] Level 1:colcon.colcon_core.package_identification:_identify(Plankton/uuv_world_plugins) by extension 'colcon_meta'
[0.296s] Level 1:colcon.colcon_core.package_identification:_identify(Plankton/uuv_world_plugins) by extensions ['ros']
[0.296s] Level 1:colcon.colcon_core.package_identification:_identify(Plankton/uuv_world_plugins) by extension 'ros'
[0.296s] Level 1:colcon.colcon_core.package_identification:_identify(Plankton/uuv_world_plugins) by extensions ['cmake', 'python']
[0.296s] Level 1:colcon.colcon_core.package_identification:_identify(Plankton/uuv_world_plugins) by extension 'cmake'
[0.296s] Level 1:colcon.colcon_core.package_identification:_identify(Plankton/uuv_world_plugins) by extension 'python'
[0.296s] Level 1:colcon.colcon_core.package_identification:_identify(Plankton/uuv_world_plugins) by extensions ['python_setup_py']
[0.296s] Level 1:colcon.colcon_core.package_identification:_identify(Plankton/uuv_world_plugins) by extension 'python_setup_py'
[0.296s] Level 1:colcon.colcon_core.package_identification:_identify(Plankton/uuv_world_plugins/uuv_world_plugins) by extensions ['ignore', 'ignore_ament_install']
[0.296s] Level 1:colcon.colcon_core.package_identification:_identify(Plankton/uuv_world_plugins/uuv_world_plugins) by extension 'ignore'
[0.296s] Level 1:colcon.colcon_core.package_identification:_identify(Plankton/uuv_world_plugins/uuv_world_plugins) by extension 'ignore_ament_install'
[0.296s] Level 1:colcon.colcon_core.package_identification:_identify(Plankton/uuv_world_plugins/uuv_world_plugins) by extensions ['colcon_pkg']
[0.297s] Level 1:colcon.colcon_core.package_identification:_identify(Plankton/uuv_world_plugins/uuv_world_plugins) by extension 'colcon_pkg'
[0.297s] Level 1:colcon.colcon_core.package_identification:_identify(Plankton/uuv_world_plugins/uuv_world_plugins) by extensions ['colcon_meta']
[0.297s] Level 1:colcon.colcon_core.package_identification:_identify(Plankton/uuv_world_plugins/uuv_world_plugins) by extension 'colcon_meta'
[0.297s] Level 1:colcon.colcon_core.package_identification:_identify(Plankton/uuv_world_plugins/uuv_world_plugins) by extensions ['ros']
[0.297s] Level 1:colcon.colcon_core.package_identification:_identify(Plankton/uuv_world_plugins/uuv_world_plugins) by extension 'ros'
[0.297s] DEBUG:colcon.colcon_core.package_identification:Package 'Plankton/uuv_world_plugins/uuv_world_plugins' with type 'ros.ament_cmake' and name 'uuv_world_plugins'
[0.297s] Level 1:colcon.colcon_core.package_identification:_identify(Plankton/uuv_world_plugins/uuv_world_ros_plugins) by extensions ['ignore', 'ignore_ament_install']
[0.297s] Level 1:colcon.colcon_core.package_identification:_identify(Plankton/uuv_world_plugins/uuv_world_ros_plugins) by extension 'ignore'
[0.297s] Level 1:colcon.colcon_core.package_identification:_identify(Plankton/uuv_world_plugins/uuv_world_ros_plugins) by extension 'ignore_ament_install'
[0.297s] Level 1:colcon.colcon_core.package_identification:_identify(Plankton/uuv_world_plugins/uuv_world_ros_plugins) by extensions ['colcon_pkg']
[0.297s] Level 1:colcon.colcon_core.package_identification:_identify(Plankton/uuv_world_plugins/uuv_world_ros_plugins) by extension 'colcon_pkg'
[0.298s] Level 1:colcon.colcon_core.package_identification:_identify(Plankton/uuv_world_plugins/uuv_world_ros_plugins) by extensions ['colcon_meta']
[0.298s] Level 1:colcon.colcon_core.package_identification:_identify(Plankton/uuv_world_plugins/uuv_world_ros_plugins) by extension 'colcon_meta'
[0.298s] Level 1:colcon.colcon_core.package_identification:_identify(Plankton/uuv_world_plugins/uuv_world_ros_plugins) by extensions ['ros']
[0.298s] Level 1:colcon.colcon_core.package_identification:_identify(Plankton/uuv_world_plugins/uuv_world_ros_plugins) by extension 'ros'
[0.298s] DEBUG:colcon.colcon_core.package_identification:Package 'Plankton/uuv_world_plugins/uuv_world_ros_plugins' with type 'ros.ament_cmake' and name 'uuv_world_ros_plugins'
[0.299s] Level 1:colcon.colcon_core.package_identification:_identify(Plankton/uuv_world_plugins/uuv_world_ros_plugins_msgs) by extensions ['ignore', 'ignore_ament_install']
[0.299s] Level 1:colcon.colcon_core.package_identification:_identify(Plankton/uuv_world_plugins/uuv_world_ros_plugins_msgs) by extension 'ignore'
[0.299s] Level 1:colcon.colcon_core.package_identification:_identify(Plankton/uuv_world_plugins/uuv_world_ros_plugins_msgs) by extension 'ignore_ament_install'
[0.299s] Level 1:colcon.colcon_core.package_identification:_identify(Plankton/uuv_world_plugins/uuv_world_ros_plugins_msgs) by extensions ['colcon_pkg']
[0.299s] Level 1:colcon.colcon_core.package_identification:_identify(Plankton/uuv_world_plugins/uuv_world_ros_plugins_msgs) by extension 'colcon_pkg'
[0.299s] Level 1:colcon.colcon_core.package_identification:_identify(Plankton/uuv_world_plugins/uuv_world_ros_plugins_msgs) by extensions ['colcon_meta']
[0.299s] Level 1:colcon.colcon_core.package_identification:_identify(Plankton/uuv_world_plugins/uuv_world_ros_plugins_msgs) by extension 'colcon_meta'
[0.299s] Level 1:colcon.colcon_core.package_identification:_identify(Plankton/uuv_world_plugins/uuv_world_ros_plugins_msgs) by extensions ['ros']
[0.299s] Level 1:colcon.colcon_core.package_identification:_identify(Plankton/uuv_world_plugins/uuv_world_ros_plugins_msgs) by extension 'ros'
[0.300s] DEBUG:colcon.colcon_core.package_identification:Package 'Plankton/uuv_world_plugins/uuv_world_ros_plugins_msgs' with type 'ros.ament_cmake' and name 'uuv_world_ros_plugins_msgs'
[0.300s] Level 1:colcon.colcon_core.package_identification:_identify(build) by extensions ['ignore', 'ignore_ament_install']
[0.300s] Level 1:colcon.colcon_core.package_identification:_identify(build) by extension 'ignore'
[0.300s] Level 1:colcon.colcon_core.package_identification:_identify(build) ignored
[0.300s] Level 1:colcon.colcon_core.package_identification:_identify(install) by extensions ['ignore', 'ignore_ament_install']
[0.300s] Level 1:colcon.colcon_core.package_identification:_identify(install) by extension 'ignore'
[0.300s] Level 1:colcon.colcon_core.package_identification:_identify(install) ignored
[0.300s] Level 1:colcon.colcon_core.package_identification:_identify(log) by extensions ['ignore', 'ignore_ament_install']
[0.300s] Level 1:colcon.colcon_core.package_identification:_identify(log) by extension 'ignore'
[0.300s] Level 1:colcon.colcon_core.package_identification:_identify(log) ignored
[0.300s] Level 1:colcon.colcon_core.package_identification:_identify(rexrov2) by extensions ['ignore', 'ignore_ament_install']
[0.300s] Level 1:colcon.colcon_core.package_identification:_identify(rexrov2) by extension 'ignore'
[0.301s] Level 1:colcon.colcon_core.package_identification:_identify(rexrov2) by extension 'ignore_ament_install'
[0.301s] Level 1:colcon.colcon_core.package_identification:_identify(rexrov2) by extensions ['colcon_pkg']
[0.301s] Level 1:colcon.colcon_core.package_identification:_identify(rexrov2) by extension 'colcon_pkg'
[0.301s] Level 1:colcon.colcon_core.package_identification:_identify(rexrov2) by extensions ['colcon_meta']
[0.301s] Level 1:colcon.colcon_core.package_identification:_identify(rexrov2) by extension 'colcon_meta'
[0.301s] Level 1:colcon.colcon_core.package_identification:_identify(rexrov2) by extensions ['ros']
[0.301s] Level 1:colcon.colcon_core.package_identification:_identify(rexrov2) by extension 'ros'
[0.301s] Level 1:colcon.colcon_core.package_identification:_identify(rexrov2) by extensions ['cmake', 'python']
[0.301s] Level 1:colcon.colcon_core.package_identification:_identify(rexrov2) by extension 'cmake'
[0.301s] Level 1:colcon.colcon_core.package_identification:_identify(rexrov2) by extension 'python'
[0.301s] Level 1:colcon.colcon_core.package_identification:_identify(rexrov2) by extensions ['python_setup_py']
[0.301s] Level 1:colcon.colcon_core.package_identification:_identify(rexrov2) by extension 'python_setup_py'
[0.301s] Level 1:colcon.colcon_core.package_identification:_identify(rexrov2/images) by extensions ['ignore', 'ignore_ament_install']
[0.301s] Level 1:colcon.colcon_core.package_identification:_identify(rexrov2/images) by extension 'ignore'
[0.301s] Level 1:colcon.colcon_core.package_identification:_identify(rexrov2/images) by extension 'ignore_ament_install'
[0.301s] Level 1:colcon.colcon_core.package_identification:_identify(rexrov2/images) by extensions ['colcon_pkg']
[0.301s] Level 1:colcon.colcon_core.package_identification:_identify(rexrov2/images) by extension 'colcon_pkg'
[0.301s] Level 1:colcon.colcon_core.package_identification:_identify(rexrov2/images) by extensions ['colcon_meta']
[0.301s] Level 1:colcon.colcon_core.package_identification:_identify(rexrov2/images) by extension 'colcon_meta'
[0.301s] Level 1:colcon.colcon_core.package_identification:_identify(rexrov2/images) by extensions ['ros']
[0.301s] Level 1:colcon.colcon_core.package_identification:_identify(rexrov2/images) by extension 'ros'
[0.301s] Level 1:colcon.colcon_core.package_identification:_identify(rexrov2/images) by extensions ['cmake', 'python']
[0.301s] Level 1:colcon.colcon_core.package_identification:_identify(rexrov2/images) by extension 'cmake'
[0.301s] Level 1:colcon.colcon_core.package_identification:_identify(rexrov2/images) by extension 'python'
[0.302s] Level 1:colcon.colcon_core.package_identification:_identify(rexrov2/images) by extensions ['python_setup_py']
[0.302s] Level 1:colcon.colcon_core.package_identification:_identify(rexrov2/images) by extension 'python_setup_py'
[0.302s] Level 1:colcon.colcon_core.package_identification:_identify(rexrov2/rexrov2_control) by extensions ['ignore', 'ignore_ament_install']
[0.302s] Level 1:colcon.colcon_core.package_identification:_identify(rexrov2/rexrov2_control) by extension 'ignore'
[0.302s] Level 1:colcon.colcon_core.package_identification:_identify(rexrov2/rexrov2_control) by extension 'ignore_ament_install'
[0.302s] Level 1:colcon.colcon_core.package_identification:_identify(rexrov2/rexrov2_control) by extensions ['colcon_pkg']
[0.302s] Level 1:colcon.colcon_core.package_identification:_identify(rexrov2/rexrov2_control) by extension 'colcon_pkg'
[0.302s] Level 1:colcon.colcon_core.package_identification:_identify(rexrov2/rexrov2_control) by extensions ['colcon_meta']
[0.302s] Level 1:colcon.colcon_core.package_identification:_identify(rexrov2/rexrov2_control) by extension 'colcon_meta'
[0.302s] Level 1:colcon.colcon_core.package_identification:_identify(rexrov2/rexrov2_control) by extensions ['ros']
[0.302s] Level 1:colcon.colcon_core.package_identification:_identify(rexrov2/rexrov2_control) by extension 'ros'
[0.302s] DEBUG:colcon.colcon_core.package_identification:Package 'rexrov2/rexrov2_control' with type 'ros.catkin' and name 'rexrov2_control'
[0.303s] Level 1:colcon.colcon_core.package_identification:_identify(rexrov2/rexrov2_description) by extensions ['ignore', 'ignore_ament_install']
[0.303s] Level 1:colcon.colcon_core.package_identification:_identify(rexrov2/rexrov2_description) by extension 'ignore'
[0.303s] Level 1:colcon.colcon_core.package_identification:_identify(rexrov2/rexrov2_description) by extension 'ignore_ament_install'
[0.303s] Level 1:colcon.colcon_core.package_identification:_identify(rexrov2/rexrov2_description) by extensions ['colcon_pkg']
[0.303s] Level 1:colcon.colcon_core.package_identification:_identify(rexrov2/rexrov2_description) by extension 'colcon_pkg'
[0.303s] Level 1:colcon.colcon_core.package_identification:_identify(rexrov2/rexrov2_description) by extensions ['colcon_meta']
[0.303s] Level 1:colcon.colcon_core.package_identification:_identify(rexrov2/rexrov2_description) by extension 'colcon_meta'
[0.303s] Level 1:colcon.colcon_core.package_identification:_identify(rexrov2/rexrov2_description) by extensions ['ros']
[0.303s] Level 1:colcon.colcon_core.package_identification:_identify(rexrov2/rexrov2_description) by extension 'ros'
[0.303s] DEBUG:colcon.colcon_core.package_identification:Package 'rexrov2/rexrov2_description' with type 'ros.catkin' and name 'rexrov2_description'
[0.303s] Level 1:colcon.colcon_core.package_identification:_identify(rexrov2/rexrov2_gazebo) by extensions ['ignore', 'ignore_ament_install']
[0.304s] Level 1:colcon.colcon_core.package_identification:_identify(rexrov2/rexrov2_gazebo) by extension 'ignore'
[0.304s] Level 1:colcon.colcon_core.package_identification:_identify(rexrov2/rexrov2_gazebo) by extension 'ignore_ament_install'
[0.304s] Level 1:colcon.colcon_core.package_identification:_identify(rexrov2/rexrov2_gazebo) by extensions ['colcon_pkg']
[0.304s] Level 1:colcon.colcon_core.package_identification:_identify(rexrov2/rexrov2_gazebo) by extension 'colcon_pkg'
[0.304s] Level 1:colcon.colcon_core.package_identification:_identify(rexrov2/rexrov2_gazebo) by extensions ['colcon_meta']
[0.304s] Level 1:colcon.colcon_core.package_identification:_identify(rexrov2/rexrov2_gazebo) by extension 'colcon_meta'
[0.304s] Level 1:colcon.colcon_core.package_identification:_identify(rexrov2/rexrov2_gazebo) by extensions ['ros']
[0.304s] Level 1:colcon.colcon_core.package_identification:_identify(rexrov2/rexrov2_gazebo) by extension 'ros'
[0.304s] DEBUG:colcon.colcon_core.package_identification:Package 'rexrov2/rexrov2_gazebo' with type 'ros.catkin' and name 'rexrov2_gazebo'
[0.304s] Level 1:colcon.colcon_core.package_identification:_identify(sam_bot_description) by extensions ['ignore', 'ignore_ament_install']
[0.304s] Level 1:colcon.colcon_core.package_identification:_identify(sam_bot_description) by extension 'ignore'
[0.304s] Level 1:colcon.colcon_core.package_identification:_identify(sam_bot_description) by extension 'ignore_ament_install'
[0.304s] Level 1:colcon.colcon_core.package_identification:_identify(sam_bot_description) by extensions ['colcon_pkg']
[0.305s] Level 1:colcon.colcon_core.package_identification:_identify(sam_bot_description) by extension 'colcon_pkg'
[0.305s] Level 1:colcon.colcon_core.package_identification:_identify(sam_bot_description) by extensions ['colcon_meta']
[0.305s] Level 1:colcon.colcon_core.package_identification:_identify(sam_bot_description) by extension 'colcon_meta'
[0.305s] Level 1:colcon.colcon_core.package_identification:_identify(sam_bot_description) by extensions ['ros']
[0.305s] Level 1:colcon.colcon_core.package_identification:_identify(sam_bot_description) by extension 'ros'
[0.305s] DEBUG:colcon.colcon_core.package_identification:Package 'sam_bot_description' with type 'ros.ament_cmake' and name 'sam_bot_description'
[0.305s] Level 1:colcon.colcon_core.package_discovery:discover_packages(recursive) using defaults
[0.305s] Level 1:colcon.colcon_core.package_discovery:discover_packages(ignore) discover
[0.305s] Level 1:colcon.colcon_core.package_discovery:discover_packages(ignore) using defaults
[0.305s] Level 1:colcon.colcon_core.package_discovery:discover_packages(path) discover
[0.305s] Level 1:colcon.colcon_core.package_discovery:discover_packages(path) using defaults
