[0.124s] Invoking command in '/home/alex/ros2_ws/src/build/uuv_tutorial_seabed_world': /usr/bin/cmake /home/alex/ros2_ws/src/Plankton/uuv_tutorials/uuv_tutorial_seabed_world -DCMAKE_INSTALL_PREFIX=/home/alex/ros2_ws/src/install/uuv_tutorial_seabed_world
[0.218s] -- The C compiler identification is GNU 9.4.0
[0.225s] -- The CXX compiler identification is GNU 9.4.0
[0.230s] -- Check for working C compiler: /usr/bin/cc
[0.289s] -- Check for working C compiler: /usr/bin/cc -- works
[0.290s] -- Detecting C compiler ABI info
[0.353s] -- Detecting C compiler ABI info - done
[0.362s] -- Detecting C compile features
[0.362s] -- Detecting C compile features - done
[0.364s] -- Check for working CXX compiler: /usr/bin/c++
[0.433s] -- Check for working CXX compiler: /usr/bin/c++ -- works
[0.434s] -- Detecting CXX compiler ABI info
[0.499s] -- Detecting CXX compiler ABI info - done
[0.510s] -- Detecting CXX compile features
[0.510s] -- Detecting CXX compile features - done
[0.517s] CMake Error at CMakeLists.txt:4 (find_package):
[0.517s]   By not providing "Findament_cmake.cmake" in CMAKE_MODULE_PATH this project
[0.518s]   has asked CMake to find a package configuration file provided by
[0.518s]   "ament_cmake", but CMake did not find one.
[0.518s] 
[0.518s]   Could not find a package configuration file provided by "ament_cmake" with
[0.518s]   any of the following names:
[0.518s] 
[0.518s]     ament_cmakeConfig.cmake
[0.518s]     ament_cmake-config.cmake
[0.518s] 
[0.519s]   Add the installation prefix of "ament_cmake" to CMAKE_PREFIX_PATH or set
[0.519s]   "ament_cmake_DIR" to a directory containing one of the above files.  If
[0.519s]   "ament_cmake" provides a separate development package or SDK, be sure it
[0.519s]   has been installed.
[0.520s] 
[0.520s] 
[0.523s] -- Configuring incomplete, errors occurred!
[0.523s] See also "/home/alex/ros2_ws/src/build/uuv_tutorial_seabed_world/CMakeFiles/CMakeOutput.log".
