[0.058s] Invoking command in '/home/alex/ros2_ws/src/build/plankton_utils': /usr/bin/cmake /home/alex/ros2_ws/src/Plankton/plankton_utils -DCMAKE_INSTALL_PREFIX=/home/alex/ros2_ws/src/install/plankton_utils
[0.174s] -- Configuring incomplete, errors occurred!
[0.175s] See also "/home/alex/ros2_ws/src/build/plankton_utils/CMakeFiles/CMakeOutput.log".
[0.175s] CMake Error at CMakeLists.txt:19 (find_package):
[0.176s]   By not providing "Findament_cmake.cmake" in CMAKE_MODULE_PATH this project
[0.177s]   has asked CMake to find a package configuration file provided by
[0.178s]   "ament_cmake", but CMake did not find one.
[0.178s] 
[0.181s]   Could not find a package configuration file provided by "ament_cmake" with
[0.181s]   any of the following names:
[0.182s] 
[0.182s]     ament_cmakeConfig.cmake
[0.182s]     ament_cmake-config.cmake
[0.183s] 
[0.184s]   Add the installation prefix of "ament_cmake" to CMAKE_PREFIX_PATH or set
[0.184s]   "ament_cmake_DIR" to a directory containing one of the above files.  If
[0.184s]   "ament_cmake" provides a separate development package or SDK, be sure it
[0.184s]   has been installed.
[0.184s] 
[0.185s] 
[0.254s] Invoked command in '/home/alex/ros2_ws/src/build/plankton_utils' returned '1': /usr/bin/cmake /home/alex/ros2_ws/src/Plankton/plankton_utils -DCMAKE_INSTALL_PREFIX=/home/alex/ros2_ws/src/install/plankton_utils
