[0.058s] Invoking command in '/home/alex/ros2_ws/src/build/uuv_control_msgs': /usr/bin/cmake /home/alex/ros2_ws/src/Plankton/uuv_control/uuv_control_msgs -DCMAKE_INSTALL_PREFIX=/home/alex/ros2_ws/src/install/uuv_control_msgs
[0.194s] -- Configuring incomplete, errors occurred!
[0.194s] See also "/home/alex/ros2_ws/src/build/uuv_control_msgs/CMakeFiles/CMakeOutput.log".
[0.195s] CMake Error at CMakeLists.txt:9 (find_package):
[0.195s]   By not providing "Findstd_msgs.cmake" in CMAKE_MODULE_PATH this project has
[0.195s]   asked CMake to find a package configuration file provided by "std_msgs",
[0.196s]   but CMake did not find one.
[0.196s] 
[0.196s]   Could not find a package configuration file provided by "std_msgs" with any
[0.196s]   of the following names:
[0.196s] 
[0.197s]     std_msgsConfig.cmake
[0.197s]     std_msgs-config.cmake
[0.197s] 
[0.197s]   Add the installation prefix of "std_msgs" to CMAKE_PREFIX_PATH or set
[0.197s]   "std_msgs_DIR" to a directory containing one of the above files.  If
[0.198s]   "std_msgs" provides a separate development package or SDK, be sure it has
[0.198s]   been installed.
[0.198s] 
[0.198s] 
[0.244s] Invoked command in '/home/alex/ros2_ws/src/build/uuv_control_msgs' returned '1': /usr/bin/cmake /home/alex/ros2_ws/src/Plankton/uuv_control/uuv_control_msgs -DCMAKE_INSTALL_PREFIX=/home/alex/ros2_ws/src/install/uuv_control_msgs
