[0.099s] Invoking command in '/home/alex/ros2_ws/src/build/uuv_gazebo_worlds': /usr/bin/cmake /home/alex/ros2_ws/src/Plankton/uuv_gazebo_worlds -DCMAKE_INSTALL_PREFIX=/home/alex/ros2_ws/src/install/uuv_gazebo_worlds
[0.189s] -- The C compiler identification is GNU 9.4.0
[0.270s] -- The CXX compiler identification is GNU 9.4.0
[0.282s] -- Check for working C compiler: /usr/bin/cc
[0.362s] -- Check for working C compiler: /usr/bin/cc -- works
[0.364s] -- Detecting C compiler ABI info
[0.452s] -- Detecting C compiler ABI info - done
[0.467s] -- Detecting C compile features
[0.468s] -- Detecting C compile features - done
[0.470s] -- Check for working CXX compiler: /usr/bin/c++
[0.578s] -- Check for working CXX compiler: /usr/bin/c++ -- works
[0.580s] -- Detecting CXX compiler ABI info
[0.677s] -- Detecting CXX compiler ABI info - done
[0.723s] -- Detecting CXX compile features
[0.724s] -- Detecting CXX compile features - done
[0.733s] -- Configuring incomplete, errors occurred!
[0.734s] See also "/home/alex/ros2_ws/src/build/uuv_gazebo_worlds/CMakeFiles/CMakeOutput.log".
[0.738s] CMake Error at CMakeLists.txt:4 (find_package):
[0.739s]   By not providing "Findgazebo_ros.cmake" in CMAKE_MODULE_PATH this project
[0.739s]   has asked CMake to find a package configuration file provided by
[0.739s]   "gazebo_ros", but CMake did not find one.
[0.740s] 
[0.740s]   Could not find a package configuration file provided by "gazebo_ros" with
[0.740s]   any of the following names:
[0.740s] 
[0.740s]     gazebo_rosConfig.cmake
[0.741s]     gazebo_ros-config.cmake
[0.741s] 
[0.741s]   Add the installation prefix of "gazebo_ros" to CMAKE_PREFIX_PATH or set
[0.742s]   "gazebo_ros_DIR" to a directory containing one of the above files.  If
[0.744s]   "gazebo_ros" provides a separate development package or SDK, be sure it has
[0.744s]   been installed.
[0.745s] 
[0.745s] 
[0.766s] Invoked command in '/home/alex/ros2_ws/src/build/uuv_gazebo_worlds' returned '1': /usr/bin/cmake /home/alex/ros2_ws/src/Plankton/uuv_gazebo_worlds -DCMAKE_INSTALL_PREFIX=/home/alex/ros2_ws/src/install/uuv_gazebo_worlds
